Using pre-set license
Built from '2022.3/staging' branch; Version is '2022.3.55f1 (9f374180d209) revision 10434369'; Using compiler version '192829333'; Build Type 'Release'
OS: 'Windows 10  (10.0.19045) 64bit Core' Language: 'ja' Physical Memory: 32705 MB
BatchMode: 1, IsHumanControllingUs: 0, StartBugReporterOnCrash: 0, Is64bit: 1, IsPro: 1

COMMAND LINE ARGUMENTS:
C:\Program Files\Unity\Hub\Editor\2022.3.55f1\Editor\Unity.exe
-adb2
-batchMode
-noUpm
-name
AssetImportWorker1
-projectPath
C:/Users/itolab/Desktop/2d_system
-logFile
Logs/AssetImportWorker1.log
-srvPort
60633
Successfully changed project path to: C:/Users/itolab/Desktop/2d_system
C:/Users/itolab/Desktop/2d_system
[UnityMemory] Configuration Parameters - Can be set up in boot.config
    "memorysetup-bucket-allocator-granularity=16"
    "memorysetup-bucket-allocator-bucket-count=8"
    "memorysetup-bucket-allocator-block-size=33554432"
    "memorysetup-bucket-allocator-block-count=8"
    "memorysetup-main-allocator-block-size=16777216"
    "memorysetup-thread-allocator-block-size=16777216"
    "memorysetup-gfx-main-allocator-block-size=16777216"
    "memorysetup-gfx-thread-allocator-block-size=16777216"
    "memorysetup-cache-allocator-block-size=4194304"
    "memorysetup-typetree-allocator-block-size=2097152"
    "memorysetup-profiler-bucket-allocator-granularity=16"
    "memorysetup-profiler-bucket-allocator-bucket-count=8"
    "memorysetup-profiler-bucket-allocator-block-size=33554432"
    "memorysetup-profiler-bucket-allocator-block-count=8"
    "memorysetup-profiler-allocator-block-size=16777216"
    "memorysetup-profiler-editor-allocator-block-size=1048576"
    "memorysetup-temp-allocator-size-main=16777216"
    "memorysetup-job-temp-allocator-block-size=2097152"
    "memorysetup-job-temp-allocator-block-size-background=1048576"
    "memorysetup-job-temp-allocator-reduction-small-platforms=262144"
    "memorysetup-allocator-temp-initial-block-size-main=262144"
    "memorysetup-allocator-temp-initial-block-size-worker=262144"
    "memorysetup-temp-allocator-size-background-worker=32768"
    "memorysetup-temp-allocator-size-job-worker=262144"
    "memorysetup-temp-allocator-size-preload-manager=33554432"
    "memorysetup-temp-allocator-size-nav-mesh-worker=65536"
    "memorysetup-temp-allocator-size-audio-worker=65536"
    "memorysetup-temp-allocator-size-cloud-worker=32768"
    "memorysetup-temp-allocator-size-gi-baking-worker=262144"
    "memorysetup-temp-allocator-size-gfx=262144"
Player connection [24856]  Target information:

Player connection [24856]  * "[IP] 172.30.47.105 [Port] 0 [Flags] 2 [Guid] 695810192 [EditorId] 695810192 [Version] 1048832 [Id] WindowsEditor(7,DESKTOP-NLC2L56) [Debug] 1 [PackageName] WindowsEditor [ProjectName] Editor" 

Player connection [24856] Host joined multi-casting on [225.0.0.222:54997]...
Player connection [24856] Host joined alternative multi-casting on [225.0.0.222:34997]...
[PhysX] Initialized MultithreadedTaskDispatcher with 8 workers.
Refreshing native plugins compatible for Editor in 112.71 ms, found 17 plugins.
Preloading 0 native plugins for Editor in 0.00 ms.
Initialize engine version: 2022.3.55f1 (9f374180d209)
[Subsystems] Discovering subsystems at path C:/Program Files/Unity/Hub/Editor/2022.3.55f1/Editor/Data/Resources/UnitySubsystems
[Subsystems] Discovering subsystems at path C:/Users/itolab/Desktop/2d_system/Assets
GfxDevice: creating device client; threaded=0; jobified=0
Direct3D:
    Version:  Direct3D 11.0 [level 11.1]
    Renderer: NVIDIA GeForce GTX 1070 (ID=0x1b81)
    Vendor:   NVIDIA
    VRAM:     8067 MB
    Driver:   32.0.15.5612
Initialize mono
Mono path[0] = 'C:/Program Files/Unity/Hub/Editor/2022.3.55f1/Editor/Data/Managed'
Mono path[1] = 'C:/Program Files/Unity/Hub/Editor/2022.3.55f1/Editor/Data/MonoBleedingEdge/lib/mono/unityjit-win32'
Mono config path = 'C:/Program Files/Unity/Hub/Editor/2022.3.55f1/Editor/Data/MonoBleedingEdge/etc'
Using monoOptions --debugger-agent=transport=dt_socket,embedding=1,server=y,suspend=n,address=127.0.0.1:56592
Begin MonoManager ReloadAssembly
Registering precompiled unity dll's ...
Register platform support module: C:/Program Files/Unity/Hub/Editor/2022.3.55f1/Editor/Data/PlaybackEngines/WindowsStandaloneSupport/UnityEditor.WindowsStandalone.Extensions.dll
Registered in 0.012192 seconds.
- Loaded All Assemblies, in  0.504 seconds
Native extension for WindowsStandalone target not found
Mono: successfully reloaded assembly
- Finished resetting the current domain, in  0.370 seconds
Domain Reload Profiling: 871ms
	BeginReloadAssembly (153ms)
		ExecutionOrderSort (0ms)
		DisableScriptedObjects (0ms)
		BackupInstance (0ms)
		ReleaseScriptingObjects (0ms)
		CreateAndSetChildDomain (1ms)
	RebuildCommonClasses (54ms)
	RebuildNativeTypeToScriptingClass (18ms)
	initialDomainReloadingComplete (78ms)
	LoadAllAssembliesAndSetupDomain (198ms)
		LoadAssemblies (150ms)
		RebuildTransferFunctionScriptingTraits (0ms)
		AnalyzeDomain (196ms)
			TypeCache.Refresh (194ms)
				TypeCache.ScanAssembly (177ms)
			ScanForSourceGeneratedMonoScriptInfo (1ms)
			ResolveRequiredComponents (1ms)
	FinalizeReload (370ms)
		ReleaseScriptCaches (0ms)
		RebuildScriptCaches (0ms)
		SetupLoadedEditorAssemblies (304ms)
			LogAssemblyErrors (0ms)
			InitializePlatformSupportModulesInManaged (14ms)
			SetLoadedEditorAssemblies (8ms)
			RefreshPlugins (0ms)
			BeforeProcessingInitializeOnLoad (3ms)
			ProcessInitializeOnLoadAttributes (211ms)
			ProcessInitializeOnLoadMethodAttributes (68ms)
			AfterProcessingInitializeOnLoad (0ms)
			EditorAssembliesLoaded (0ms)
		ExecutionOrderSort2 (0ms)
		AwakeInstancesAfterBackupRestoration (0ms)
========================================================================
Worker process is ready to serve import requests
Caller must complete domain reload
Begin MonoManager ReloadAssembly
- Loaded All Assemblies, in  1.076 seconds
Native extension for WindowsStandalone target not found
Mono: successfully reloaded assembly
- Finished resetting the current domain, in  1.102 seconds
Domain Reload Profiling: 2172ms
	BeginReloadAssembly (203ms)
		ExecutionOrderSort (0ms)
		DisableScriptedObjects (8ms)
		BackupInstance (0ms)
		ReleaseScriptingObjects (0ms)
		CreateAndSetChildDomain (32ms)
	RebuildCommonClasses (51ms)
	RebuildNativeTypeToScriptingClass (19ms)
	initialDomainReloadingComplete (61ms)
	LoadAllAssembliesAndSetupDomain (735ms)
		LoadAssemblies (496ms)
		RebuildTransferFunctionScriptingTraits (0ms)
		AnalyzeDomain (348ms)
			TypeCache.Refresh (291ms)
				TypeCache.ScanAssembly (263ms)
			ScanForSourceGeneratedMonoScriptInfo (41ms)
			ResolveRequiredComponents (14ms)
	FinalizeReload (1102ms)
		ReleaseScriptCaches (0ms)
		RebuildScriptCaches (0ms)
		SetupLoadedEditorAssemblies (889ms)
			LogAssemblyErrors (0ms)
			InitializePlatformSupportModulesInManaged (10ms)
			SetLoadedEditorAssemblies (8ms)
			RefreshPlugins (0ms)
			BeforeProcessingInitializeOnLoad (121ms)
			ProcessInitializeOnLoadAttributes (619ms)
			ProcessInitializeOnLoadMethodAttributes (119ms)
			AfterProcessingInitializeOnLoad (12ms)
			EditorAssembliesLoaded (0ms)
		ExecutionOrderSort2 (0ms)
		AwakeInstancesAfterBackupRestoration (10ms)
Launched and connected shader compiler UnityShaderCompiler.exe after 0.06 seconds
Refreshing native plugins compatible for Editor in 103.95 ms, found 17 plugins.
Preloading 0 native plugins for Editor in 0.00 ms.
Unloading 5673 Unused Serialized files (Serialized files now loaded: 0)
Unloading 37 unused Assets / (349.0 KB). Loaded Objects now: 6141.
Memory consumption went from 228.3 MB to 228.0 MB.
Total: 6.124200 ms (FindLiveObjects: 0.586000 ms CreateObjectMapping: 0.569800 ms MarkObjects: 4.752800 ms  DeleteObjects: 0.214500 ms)

AssetImportParameters requested are different than current active one (requested -> active):
  custom:container-demuxer-ogg: 62fdf1f143b41e24485cea50d1cbac27 -> 
  custom:video-codec-MediaFoundation-h265: 746d11721c4dcdbdad8f713fa42b33f4 -> 
  custom:video-decoder-ogg-theora: a1e56fd34408186e4bbccfd4996cb3dc -> 
  custom:framework-win-MediaFoundation: 216162199b28c13a410421893ffa2e32 -> 
  custom:CustomObjectIndexerAttribute: 72b91833f83ae208fae7752999fa3104 -> 
  custom:container-demuxer-webm: 4f35f7cbe854078d1ac9338744f61a02 -> 
  custom:container-muxer-webm: aa71ff27fc2769a1b78a27578f13a17b -> 
  custom:video-decoder-webm-vp8: 9c59270c3fd7afecdb556c50c9e8de78 -> 
  custom:SearchIndexIgnoredProperties: e643bd26f0fe6173181afceb89e7c659 -> 
  custom:AudioImporter_EditorPlatform: d09bf68614088b80899f8185d706f6e7 -> 
  custom:video-encoder-webm-vp8: eb34c28f22e8b96e1ab97ce403110664 -> 
  custom:audio-decoder-ogg-vorbis: bf7c407c2cedff20999df2af8eb42d56 -> 
  custom:audio-encoder-webm-vorbis: bf7c407c2cedff20999df2af8eb42d56 -> 
========================================================================
Received Import Request.
  Time since last request: 163034.367880 seconds.
  path: Assets/Prefabs/ScatterplotMatrix.prefab
  artifactKey: Guid(3362a314f209b234e8b48f15009ea2ef) Importer(815301076,1909f56bfc062723c751e8b465ee728b)
Start importing Assets/Prefabs/ScatterplotMatrix.prefab using Guid(3362a314f209b234e8b48f15009ea2ef) Importer(815301076,1909f56bfc062723c751e8b465ee728b) [PhysX] Initialized MultithreadedTaskDispatcher with 8 workers.
[PhysX] Initialized MultithreadedTaskDispatcher with 8 workers.
 -> (artifact id: '19a232502bbec6efa815c51afacae6be') in 0.757364 seconds
Number of updated asset objects reloaded before import = 0
Number of asset objects unloaded after import = 1692
========================================================================
Received Prepare
Caller must complete domain reload
Begin MonoManager ReloadAssembly
- Loaded All Assemblies, in  1.328 seconds
Native extension for WindowsStandalone target not found
Mono: successfully reloaded assembly
- Finished resetting the current domain, in  0.812 seconds
Domain Reload Profiling: 2135ms
	BeginReloadAssembly (860ms)
		ExecutionOrderSort (0ms)
		DisableScriptedObjects (667ms)
		BackupInstance (0ms)
		ReleaseScriptingObjects (0ms)
		CreateAndSetChildDomain (53ms)
	RebuildCommonClasses (35ms)
	RebuildNativeTypeToScriptingClass (16ms)
	initialDomainReloadingComplete (40ms)
	LoadAllAssembliesAndSetupDomain (372ms)
		LoadAssemblies (424ms)
		RebuildTransferFunctionScriptingTraits (0ms)
		AnalyzeDomain (49ms)
			TypeCache.Refresh (11ms)
				TypeCache.ScanAssembly (1ms)
			ScanForSourceGeneratedMonoScriptInfo (25ms)
			ResolveRequiredComponents (12ms)
	FinalizeReload (812ms)
		ReleaseScriptCaches (0ms)
		RebuildScriptCaches (0ms)
		SetupLoadedEditorAssemblies (587ms)
			LogAssemblyErrors (0ms)
			InitializePlatformSupportModulesInManaged (7ms)
			SetLoadedEditorAssemblies (4ms)
			RefreshPlugins (0ms)
			BeforeProcessingInitializeOnLoad (108ms)
			ProcessInitializeOnLoadAttributes (382ms)
			ProcessInitializeOnLoadMethodAttributes (75ms)
			AfterProcessingInitializeOnLoad (10ms)
			EditorAssembliesLoaded (0ms)
		ExecutionOrderSort2 (0ms)
		AwakeInstancesAfterBackupRestoration (21ms)
Refreshing native plugins compatible for Editor in 93.62 ms, found 17 plugins.
Preloading 0 native plugins for Editor in 0.00 ms.
Unloading 5523 Unused Serialized files (Serialized files now loaded: 0)
Unloading 24 unused Assets / (318.1 KB). Loaded Objects now: 6213.
Memory consumption went from 203.6 MB to 203.3 MB.
Total: 5.315000 ms (FindLiveObjects: 0.640600 ms CreateObjectMapping: 0.587100 ms MarkObjects: 3.975900 ms  DeleteObjects: 0.109900 ms)

Prepare: number of updated asset objects reloaded= 0
AssetImportParameters requested are different than current active one (requested -> active):
  custom:scripting/monoscript/fileName/LabelOrienter_Smooth.cs: b50405f3a032c915c170284bfefdd598 -> 
  custom:container-demuxer-ogg: 62fdf1f143b41e24485cea50d1cbac27 -> 
  custom:video-codec-MediaFoundation-h265: 746d11721c4dcdbdad8f713fa42b33f4 -> 
  custom:scripting/monoscript/fileName/ResetOrder.cs: f7e031522d041106c1e10303612ce691 -> 
  custom:video-decoder-ogg-theora: a1e56fd34408186e4bbccfd4996cb3dc -> 
  custom:framework-win-MediaFoundation: 216162199b28c13a410421893ffa2e32 -> 
  custom:scripting/monoscript/fileName/SpawnedSPsPositionManager.cs: ff1bc9aa0982bcbdeff45fefd6d5a6b0 -> 
  custom:scripting/monoscript/fileName/ColorChanger.cs: f6c371260d842df543789961567bd0a7 -> 
  custom:CustomObjectIndexerAttribute: 72b91833f83ae208fae7752999fa3104 -> 
  custom:scripting/monoscript/fileName/PointRenderer00.cs: 8bf7d99ddcbd54a7aafd92cd4d4ebf05 -> 
  custom:container-demuxer-webm: 4f35f7cbe854078d1ac9338744f61a02 -> 
  custom:scripting/monoscript/fileName/ScrollViewToggler.cs: 99ec11d3bd86a9343511ff776c63d93a -> 
  custom:scripting/monoscript/fileName/CalculateMetrics.cs: f70982ab938a679ba6181166ee3a08f2 -> 
  custom:scripting/monoscript/fileName/ClickedSP.cs: 60b78711e564ce92a3eb58aae3c1e9a3 -> 
  custom:container-muxer-webm: aa71ff27fc2769a1b78a27578f13a17b -> 
  custom:video-decoder-webm-vp8: 9c59270c3fd7afecdb556c50c9e8de78 -> 
  custom:SearchIndexIgnoredProperties: e643bd26f0fe6173181afceb89e7c659 -> 
  custom:AudioImporter_EditorPlatform: d09bf68614088b80899f8185d706f6e7 -> 
  custom:scripting/monoscript/fileName/ColumnSwitcher.cs: bfa34d9fadeb1c3bedafbb8e347b8cbe -> 
  custom:scripting/monoscript/fileName/AutoColOrder.cs: c70c77ec4fd0131dd08bbbc393482515 -> 
  custom:scripting/monoscript/fileName/ScagnosticsAnalyzer.cs: 1d822922382bf363e1373e975a27359d -> 
  custom:video-encoder-webm-vp8: eb34c28f22e8b96e1ab97ce403110664 -> 
  custom:audio-decoder-ogg-vorbis: bf7c407c2cedff20999df2af8eb42d56 -> 
  custom:scripting/monoscript/fileName/ResetMetrics.cs: a7c8789a42362656715d04dde1904400 -> 
  custom:scripting/monoscript/fileName/Questions.cs: 76f061b1352a8db5d21667d6ae73ecf4 -> 
  custom:scripting/monoscript/fileName/DropdownTimeScript.cs: b27dfca1d3c286464b4f3652f33a0258 -> 
  custom:scripting/monoscript/fileName/QuadInteractionHandler.cs: 49add0e9a0f7c327c8637821799c126a -> 
  custom:audio-encoder-webm-vorbis: bf7c407c2cedff20999df2af8eb42d56 -> 
  custom:scripting/monoscript/fileName/InfoUIDisplay.cs: fa1d7040315ae7ece63a3767f35cebb0 -> 
  custom:scripting/monoscript/fileName/EyeHeightAdjuster.cs: a1d55b30136d807123fb15a2771231f2 -> 
  custom:scripting/precompiled-assembly-types:Assembly-CSharp: cfdf102b9490de1ddadc0ed2b7cb4573 -> 23e76927ec1405637467868ca42c2794
========================================================================
Received Prepare
Caller must complete domain reload
Begin MonoManager ReloadAssembly
- Loaded All Assemblies, in  4.338 seconds
Native extension for WindowsStandalone target not found
Mono: successfully reloaded assembly
- Finished resetting the current domain, in 20.481 seconds
Domain Reload Profiling: 24814ms
	BeginReloadAssembly (222ms)
		ExecutionOrderSort (0ms)
		DisableScriptedObjects (12ms)
		BackupInstance (0ms)
		ReleaseScriptingObjects (0ms)
		CreateAndSetChildDomain (42ms)
	RebuildCommonClasses (132ms)
	RebuildNativeTypeToScriptingClass (20ms)
	initialDomainReloadingComplete (35ms)
	LoadAllAssembliesAndSetupDomain (3924ms)
		LoadAssemblies (4032ms)
		RebuildTransferFunctionScriptingTraits (0ms)
		AnalyzeDomain (22ms)
			TypeCache.Refresh (8ms)
				TypeCache.ScanAssembly (0ms)
			ScanForSourceGeneratedMonoScriptInfo (0ms)
			ResolveRequiredComponents (13ms)
	FinalizeReload (20481ms)
		ReleaseScriptCaches (0ms)
		RebuildScriptCaches (0ms)
		SetupLoadedEditorAssemblies (539ms)
			LogAssemblyErrors (0ms)
			InitializePlatformSupportModulesInManaged (7ms)
			SetLoadedEditorAssemblies (3ms)
			RefreshPlugins (0ms)
			BeforeProcessingInitializeOnLoad (98ms)
			ProcessInitializeOnLoadAttributes (351ms)
			ProcessInitializeOnLoadMethodAttributes (71ms)
			AfterProcessingInitializeOnLoad (9ms)
			EditorAssembliesLoaded (0ms)
		ExecutionOrderSort2 (0ms)
		AwakeInstancesAfterBackupRestoration (18ms)
Refreshing native plugins compatible for Editor in 72.55 ms, found 17 plugins.
Preloading 0 native plugins for Editor in 0.00 ms.
Unloading 5523 Unused Serialized files (Serialized files now loaded: 0)
Unloading 24 unused Assets / (318.1 KB). Loaded Objects now: 6218.
Memory consumption went from 203.5 MB to 203.2 MB.
Total: 4.359400 ms (FindLiveObjects: 0.644300 ms CreateObjectMapping: 0.424900 ms MarkObjects: 3.158200 ms  DeleteObjects: 0.131100 ms)

Prepare: number of updated asset objects reloaded= 0
AssetImportParameters requested are different than current active one (requested -> active):
  custom:scripting/monoscript/fileName/LabelOrienter_Smooth.cs: b50405f3a032c915c170284bfefdd598 -> 
  custom:container-demuxer-ogg: 62fdf1f143b41e24485cea50d1cbac27 -> 
  custom:video-codec-MediaFoundation-h265: 746d11721c4dcdbdad8f713fa42b33f4 -> 
  custom:scripting/monoscript/fileName/ResetOrder.cs: f7e031522d041106c1e10303612ce691 -> 
  custom:video-decoder-ogg-theora: a1e56fd34408186e4bbccfd4996cb3dc -> 
  custom:framework-win-MediaFoundation: 216162199b28c13a410421893ffa2e32 -> 
  custom:scripting/monoscript/fileName/SpawnedSPsPositionManager.cs: ff1bc9aa0982bcbdeff45fefd6d5a6b0 -> 
  custom:scripting/monoscript/fileName/ColorChanger.cs: f6c371260d842df543789961567bd0a7 -> 
  custom:CustomObjectIndexerAttribute: 72b91833f83ae208fae7752999fa3104 -> 
  custom:scripting/monoscript/fileName/PointRenderer00.cs: 8bf7d99ddcbd54a7aafd92cd4d4ebf05 -> 
  custom:container-demuxer-webm: 4f35f7cbe854078d1ac9338744f61a02 -> 
  custom:scripting/monoscript/fileName/ScrollViewToggler.cs: 99ec11d3bd86a9343511ff776c63d93a -> 
  custom:scripting/monoscript/fileName/CalculateMetrics.cs: f70982ab938a679ba6181166ee3a08f2 -> 
  custom:scripting/monoscript/fileName/ClickedSP.cs: 60b78711e564ce92a3eb58aae3c1e9a3 -> 
  custom:container-muxer-webm: aa71ff27fc2769a1b78a27578f13a17b -> 
  custom:video-decoder-webm-vp8: 9c59270c3fd7afecdb556c50c9e8de78 -> 
  custom:SearchIndexIgnoredProperties: e643bd26f0fe6173181afceb89e7c659 -> 
  custom:AudioImporter_EditorPlatform: d09bf68614088b80899f8185d706f6e7 -> 
  custom:scripting/monoscript/fileName/ColumnSwitcher.cs: bfa34d9fadeb1c3bedafbb8e347b8cbe -> 
  custom:scripting/monoscript/fileName/AutoColOrder.cs: c70c77ec4fd0131dd08bbbc393482515 -> 
  custom:scripting/monoscript/fileName/ScagnosticsAnalyzer.cs: 1d822922382bf363e1373e975a27359d -> 
  custom:video-encoder-webm-vp8: eb34c28f22e8b96e1ab97ce403110664 -> 
  custom:audio-decoder-ogg-vorbis: bf7c407c2cedff20999df2af8eb42d56 -> 
  custom:scripting/monoscript/fileName/ResetMetrics.cs: a7c8789a42362656715d04dde1904400 -> 
  custom:scripting/monoscript/fileName/Questions.cs: 76f061b1352a8db5d21667d6ae73ecf4 -> 
  custom:scripting/monoscript/fileName/DropdownTimeScript.cs: b27dfca1d3c286464b4f3652f33a0258 -> 
  custom:scripting/monoscript/fileName/QuadInteractionHandler.cs: 49add0e9a0f7c327c8637821799c126a -> 
  custom:audio-encoder-webm-vorbis: bf7c407c2cedff20999df2af8eb42d56 -> 
  custom:scripting/monoscript/fileName/InfoUIDisplay.cs: fa1d7040315ae7ece63a3767f35cebb0 -> 
  custom:scripting/monoscript/fileName/EyeHeightAdjuster.cs: a1d55b30136d807123fb15a2771231f2 -> 
  custom:scripting/precompiled-assembly-types:Assembly-CSharp: cfdf102b9490de1ddadc0ed2b7cb4573 -> 23e76927ec1405637467868ca42c2794
========================================================================
Received Import Request.
  Time since last request: 35388.038828 seconds.
  path: Assets/Prefabs/Scatterplot.prefab
  artifactKey: Guid(a1e926b3b6df6894e870482c2758952d) Importer(815301076,1909f56bfc062723c751e8b465ee728b)
Start importing Assets/Prefabs/Scatterplot.prefab using Guid(a1e926b3b6df6894e870482c2758952d) Importer(815301076,1909f56bfc062723c751e8b465ee728b) [PhysX] Initialized MultithreadedTaskDispatcher with 8 workers.
[PhysX] Initialized MultithreadedTaskDispatcher with 8 workers.
 -> (artifact id: '8ec97d2669b95d3c16688b24b068a42c') in 0.895952 seconds
Number of updated asset objects reloaded before import = 0
Number of asset objects unloaded after import = 103
========================================================================
Received Import Request.
  Time since last request: 0.000046 seconds.
  path: Assets/Prefabs/ScatterplotMatrix.prefab
  artifactKey: Guid(3362a314f209b234e8b48f15009ea2ef) Importer(815301076,1909f56bfc062723c751e8b465ee728b)
Start importing Assets/Prefabs/ScatterplotMatrix.prefab using Guid(3362a314f209b234e8b48f15009ea2ef) Importer(815301076,1909f56bfc062723c751e8b465ee728b) [PhysX] Initialized MultithreadedTaskDispatcher with 8 workers.
The script 'ObjectSwapper' does not derive from MonoBehaviour, but has been added to Game Object '1'. Please remove the script from the Game Object to avoid crashes.
The script 'ObjectSwapper' does not derive from MonoBehaviour, but has been added to Game Object '6'. Please remove the script from the Game Object to avoid crashes.
The script 'ObjectSwapper' does not derive from MonoBehaviour, but has been added to Game Object '4'. Please remove the script from the Game Object to avoid crashes.
The script 'ObjectSwapper' does not derive from MonoBehaviour, but has been added to Game Object '7'. Please remove the script from the Game Object to avoid crashes.
The script 'ObjectSwapper' does not derive from MonoBehaviour, but has been added to Game Object '1'. Please remove the script from the Game Object to avoid crashes.
The script 'ObjectSwapper' does not derive from MonoBehaviour, but has been added to Game Object '7'. Please remove the script from the Game Object to avoid crashes.
The script 'ObjectSwapper' does not derive from MonoBehaviour, but has been added to Game Object '0'. Please remove the script from the Game Object to avoid crashes.
The script 'ObjectSwapper' does not derive from MonoBehaviour, but has been added to Game Object '2'. Please remove the script from the Game Object to avoid crashes.
The script 'ObjectSwapper' does not derive from MonoBehaviour, but has been added to Game Object '3'. Please remove the script from the Game Object to avoid crashes.
The script 'ObjectSwapper' does not derive from MonoBehaviour, but has been added to Game Object '5'. Please remove the script from the Game Object to avoid crashes.
The script 'ObjectSwapper' does not derive from MonoBehaviour, but has been added to Game Object '0'. Please remove the script from the Game Object to avoid crashes.
The script 'ObjectSwapper' does not derive from MonoBehaviour, but has been added to Game Object '3'. Please remove the script from the Game Object to avoid crashes.
The script 'ObjectSwapper' does not derive from MonoBehaviour, but has been added to Game Object '2'. Please remove the script from the Game Object to avoid crashes.
The script 'ObjectSwapper' does not derive from MonoBehaviour, but has been added to Game Object '1'. Please remove the script from the Game Object to avoid crashes.
The script 'ObjectSwapper' does not derive from MonoBehaviour, but has been added to Game Object '5'. Please remove the script from the Game Object to avoid crashes.
The script 'ObjectSwapper' does not derive from MonoBehaviour, but has been added to Game Object '2'. Please remove the script from the Game Object to avoid crashes.
The script 'ObjectSwapper' does not derive from MonoBehaviour, but has been added to Game Object '5'. Please remove the script from the Game Object to avoid crashes.
The script 'ObjectSwapper' does not derive from MonoBehaviour, but has been added to Game Object '4'. Please remove the script from the Game Object to avoid crashes.
The script 'ObjectSwapper' does not derive from MonoBehaviour, but has been added to Game Object '6'. Please remove the script from the Game Object to avoid crashes.
The script 'ObjectSwapper' does not derive from MonoBehaviour, but has been added to Game Object '4'. Please remove the script from the Game Object to avoid crashes.
The script 'ObjectSwapper' does not derive from MonoBehaviour, but has been added to Game Object '0'. Please remove the script from the Game Object to avoid crashes.
The script 'ObjectSwapper' does not derive from MonoBehaviour, but has been added to Game Object '6'. Please remove the script from the Game Object to avoid crashes.
The script 'ObjectSwapper' does not derive from MonoBehaviour, but has been added to Game Object '3'. Please remove the script from the Game Object to avoid crashes.
The script 'ObjectSwapper' does not derive from MonoBehaviour, but has been added to Game Object '7'. Please remove the script from the Game Object to avoid crashes.
[PhysX] Initialized MultithreadedTaskDispatcher with 8 workers.
 -> (artifact id: '565c546649d0bf63d77031e966773414') in 0.515059 seconds
Number of updated asset objects reloaded before import = 0
Number of asset objects unloaded after import = 1674
========================================================================
Received Import Request.
  Time since last request: 2.994933 seconds.
  path: Assets/Materials/Frame_mat.mat
  artifactKey: Guid(2a15b624a6794c2458eff9ee220aca5c) Importer(815301076,1909f56bfc062723c751e8b465ee728b)
Start importing Assets/Materials/Frame_mat.mat using Guid(2a15b624a6794c2458eff9ee220aca5c) Importer(815301076,1909f56bfc062723c751e8b465ee728b) [PhysX] Initialized MultithreadedTaskDispatcher with 8 workers.
[PhysX] Initialized MultithreadedTaskDispatcher with 8 workers.
 -> (artifact id: 'a5ff0b1aebd6639f9ffebba25ce74779') in 0.042068 seconds
Number of updated asset objects reloaded before import = 0
Number of asset objects unloaded after import = 2
========================================================================
Received Import Request.
  Time since last request: 0.030992 seconds.
  path: Assets/Materials/Gray_Mat.mat
  artifactKey: Guid(f83a4dab4a37fb044bf094895375fee0) Importer(815301076,1909f56bfc062723c751e8b465ee728b)
Start importing Assets/Materials/Gray_Mat.mat using Guid(f83a4dab4a37fb044bf094895375fee0) Importer(815301076,1909f56bfc062723c751e8b465ee728b) [PhysX] Initialized MultithreadedTaskDispatcher with 8 workers.
[PhysX] Initialized MultithreadedTaskDispatcher with 8 workers.
 -> (artifact id: 'aab4a34523a90e40d15d18217ff07b8b') in 0.015006 seconds
Number of updated asset objects reloaded before import = 0
Number of asset objects unloaded after import = 2
========================================================================
Received Import Request.
  Time since last request: 0.000026 seconds.
  path: Assets/Materials/ROBOTO-BLACK.TTF
  artifactKey: Guid(be009d6e35fc4f5428f77087f7efa134) Importer(815301076,1909f56bfc062723c751e8b465ee728b)
Start importing Assets/Materials/ROBOTO-BLACK.TTF using Guid(be009d6e35fc4f5428f77087f7efa134) Importer(815301076,1909f56bfc062723c751e8b465ee728b) [PhysX] Initialized MultithreadedTaskDispatcher with 8 workers.
[PhysX] Initialized MultithreadedTaskDispatcher with 8 workers.
[PhysX] Initialized MultithreadedTaskDispatcher with 8 workers.
 -> (artifact id: '3e11d8918408c90022b0b24af177e3fe') in 0.076113 seconds
Number of updated asset objects reloaded before import = 0
Number of asset objects unloaded after import = 5
========================================================================
Received Import Request.
  Time since last request: 0.000025 seconds.
  path: Assets/Materials/ROBOTO-BLACK_copy.png
  artifactKey: Guid(702db0e1e936d9c498c12ab7661ea8e2) Importer(815301076,1909f56bfc062723c751e8b465ee728b)
Start importing Assets/Materials/ROBOTO-BLACK_copy.png using Guid(702db0e1e936d9c498c12ab7661ea8e2) Importer(815301076,1909f56bfc062723c751e8b465ee728b) [PhysX] Initialized MultithreadedTaskDispatcher with 8 workers.
[PhysX] Initialized MultithreadedTaskDispatcher with 8 workers.
 -> (artifact id: '62a76b19ff87c2a7f63e88d630138624') in 0.034383 seconds
Number of updated asset objects reloaded before import = 0
Number of asset objects unloaded after import = 2
========================================================================
Received Import Request.
  Time since last request: 0.000029 seconds.
  path: Assets/Materials/HighlightMaterial.mat
  artifactKey: Guid(f75125e5e5d606344a1e798c5680a9fa) Importer(815301076,1909f56bfc062723c751e8b465ee728b)
Start importing Assets/Materials/HighlightMaterial.mat using Guid(f75125e5e5d606344a1e798c5680a9fa) Importer(815301076,1909f56bfc062723c751e8b465ee728b) [PhysX] Initialized MultithreadedTaskDispatcher with 8 workers.
[PhysX] Initialized MultithreadedTaskDispatcher with 8 workers.
 -> (artifact id: 'b39992c6bfdb64cedeaf6c7db272af02') in 0.020491 seconds
Number of updated asset objects reloaded before import = 0
Number of asset objects unloaded after import = 2
========================================================================
Received Import Request.
  Time since last request: 0.000036 seconds.
  path: Assets/Materials/Transparent Material.mat
  artifactKey: Guid(91f66d4f37f130041ad1c3f53b521012) Importer(815301076,1909f56bfc062723c751e8b465ee728b)
Start importing Assets/Materials/Transparent Material.mat using Guid(91f66d4f37f130041ad1c3f53b521012) Importer(815301076,1909f56bfc062723c751e8b465ee728b) [PhysX] Initialized MultithreadedTaskDispatcher with 8 workers.
[PhysX] Initialized MultithreadedTaskDispatcher with 8 workers.
 -> (artifact id: '5925336fc6d3a6b41e9f646c558fbff2') in 0.153637 seconds
Number of updated asset objects reloaded before import = 0
Number of asset objects unloaded after import = 2
Editor requested this worker to shutdown with reason: Scaling down because of idle timeout
TcpMessagingSession - receive error: operation aborted. errorcode: 995, details: スレッドの終了またはアプリケーションの要求によって、I/O 処理は中止されました。
AssetImportWorker is now disconnected from the server
Process exiting
Exiting without the bug reporter. Application will terminate with return code 0